17:24:51 **** Incremental Build of configuration Default for project MyApp_mAbassi ****
make all 
"arm-altera-eabi-gcc"  -g -O3 -Wall -I ../inc -I../../mAbassi/Abassi -I../../mAbassi/Platform/inc -I../../mAbassi/Drivers/inc -I../../mAbassi/Share/inc -I C:\intelFPGA\18.1\embedded/ip/altera/hps/altera_hps/hwlib/include/soc_cv_av -I C:\intelFPGA\18.1\embedded/ip/altera/hps/altera_hps/hwlib/include -DOS_START_STACK=8192 -DUART_FULL_PROTECT=1 -D soc_cv_av -DOS_DEMO=-100 -DUART_Q_SIZE_RX=1 -DUART_Q_SIZE_TX=1 -DUART_CIRC_BUF_RX=2048 -DUART_CIRC_BUF_TX=2048 -std=gnu99 -mfpu=neon -march=armv7-a -mtune=cortex-a9 -mcpu=cortex-a9 -mfloat-abi=softfp -mno-unaligned-access -ffunction-sections -fdata-sections -Wstrict-prototypes -DOS_PLATFORM=0x0100AAC5 -DOS_N_CORE=2 -DOS_NEWLIB_REENT=0 -DUSE_SHELL=1 -DSHELL_LOGIN=0 -DSHELL_HISTORY=64 -c ../src/Main_mAbassi.c -o Main_mAbassi.o
"arm-altera-eabi-gcc"  -g -O3 -Wall -I ../inc -I../../mAbassi/Abassi -I../../mAbassi/Platform/inc -I../../mAbassi/Drivers/inc -I../../mAbassi/Share/inc -I C:\intelFPGA\18.1\embedded/ip/altera/hps/altera_hps/hwlib/include/soc_cv_av -I C:\intelFPGA\18.1\embedded/ip/altera/hps/altera_hps/hwlib/include -DOS_START_STACK=8192 -DUART_FULL_PROTECT=1 -D soc_cv_av -DOS_DEMO=-100 -DUART_Q_SIZE_RX=1 -DUART_Q_SIZE_TX=1 -DUART_CIRC_BUF_RX=2048 -DUART_CIRC_BUF_TX=2048 -std=gnu99 -mfpu=neon -march=armv7-a -mtune=cortex-a9 -mcpu=cortex-a9 -mfloat-abi=softfp -mno-unaligned-access -ffunction-sections -fdata-sections -Wstrict-prototypes -DOS_PLATFORM=0x0100AAC5 -DOS_N_CORE=2 -DOS_NEWLIB_REENT=0 -DUSE_SHELL=1 -DSHELL_LOGIN=0 -DSHELL_HISTORY=64 -c ../src/MyApp_mAbassi.c -o MyApp_mAbassi.o
../src/MyApp_mAbassi.c:173:6: warning: function declaration isn't a prototype [-Wstrict-prototypes]
 void task_print_PIO() {
      ^~~~~~~~~~~~~~
../src/MyApp_mAbassi.c: In function 'task_print_PIO':
../src/MyApp_mAbassi.c:180:23: warning: format '%d' expects argument of type 'int', but argument 2 has type 'uint32_t {aka long unsigned int}' [-Wformat=]
      printf("PIO_0 : %d\t,PIO_1 : %d\t,PIO_ : %d\t,PIO_0 : %d\t,\n",PIO_0,PIO_1,PIO_2,PIO_3);
                       ^
../src/MyApp_mAbassi.c:180:36: warning: format '%d' expects argument of type 'int', but argument 3 has type 'uint32_t {aka long unsigned int}' [-Wformat=]
      printf("PIO_0 : %d\t,PIO_1 : %d\t,PIO_ : %d\t,PIO_0 : %d\t,\n",PIO_0,PIO_1,PIO_2,PIO_3);
                                    ^
../src/MyApp_mAbassi.c:180:48: warning: format '%d' expects argument of type 'int', but argument 4 has type 'uint32_t {aka long unsigned int}' [-Wformat=]
      printf("PIO_0 : %d\t,PIO_1 : %d\t,PIO_ : %d\t,PIO_0 : %d\t,\n",PIO_0,PIO_1,PIO_2,PIO_3);
                                                ^
../src/MyApp_mAbassi.c:180:61: warning: format '%d' expects argument of type 'int', but argument 5 has type 'uint32_t {aka long unsigned int}' [-Wformat=]
      printf("PIO_0 : %d\t,PIO_1 : %d\t,PIO_ : %d\t,PIO_0 : %d\t,\n",PIO_0,PIO_1,PIO_2,PIO_3);
                                                             ^
"arm-altera-eabi-gcc"  -g -O3 -Wall -I ../inc -I../../mAbassi/Abassi -I../../mAbassi/Platform/inc -I../../mAbassi/Drivers/inc -I../../mAbassi/Share/inc -I C:\intelFPGA\18.1\embedded/ip/altera/hps/altera_hps/hwlib/include/soc_cv_av -I C:\intelFPGA\18.1\embedded/ip/altera/hps/altera_hps/hwlib/include -DOS_START_STACK=8192 -DUART_FULL_PROTECT=1 -D soc_cv_av -DOS_DEMO=-100 -DUART_Q_SIZE_RX=1 -DUART_Q_SIZE_TX=1 -DUART_CIRC_BUF_RX=2048 -DUART_CIRC_BUF_TX=2048 -std=gnu99 -mfpu=neon -march=armv7-a -mtune=cortex-a9 -mcpu=cortex-a9 -mfloat-abi=softfp -mno-unaligned-access -ffunction-sections -fdata-sections -Wstrict-prototypes -DOS_PLATFORM=0x0100AAC5 -DOS_N_CORE=2 -DOS_NEWLIB_REENT=0 -DUSE_SHELL=1 -DSHELL_LOGIN=0 -DSHELL_HISTORY=64 -c ../../mAbassi/Abassi/SysCall_noFS.c -o SysCall_noFS.o
"arm-altera-eabi-gcc"  -g -O3 -Wall -I ../inc -I../../mAbassi/Abassi -I../../mAbassi/Platform/inc -I../../mAbassi/Drivers/inc -I../../mAbassi/Share/inc -I C:\intelFPGA\18.1\embedded/ip/altera/hps/altera_hps/hwlib/include/soc_cv_av -I C:\intelFPGA\18.1\embedded/ip/altera/hps/altera_hps/hwlib/include -DOS_START_STACK=8192 -DUART_FULL_PROTECT=1 -D soc_cv_av -DOS_DEMO=-100 -DUART_Q_SIZE_RX=1 -DUART_Q_SIZE_TX=1 -DUART_CIRC_BUF_RX=2048 -DUART_CIRC_BUF_TX=2048 -std=gnu99 -mfpu=neon -march=armv7-a -mtune=cortex-a9 -mcpu=cortex-a9 -mfloat-abi=softfp -mno-unaligned-access -ffunction-sections -fdata-sections -Wstrict-prototypes -DOS_PLATFORM=0x0100AAC5 -DOS_N_CORE=2 -DOS_NEWLIB_REENT=0 -DUSE_SHELL=1 -DSHELL_LOGIN=0 -DSHELL_HISTORY=64 -c ../../mAbassi/Share/src/TIMERinit.c -o TIMERinit.o
"arm-altera-eabi-gcc"  -g -O3 -Wall -I ../inc -I../../mAbassi/Abassi -I../../mAbassi/Platform/inc -I../../mAbassi/Drivers/inc -I../../mAbassi/Share/inc -I C:\intelFPGA\18.1\embedded/ip/altera/hps/altera_hps/hwlib/include/soc_cv_av -I C:\intelFPGA\18.1\embedded/ip/altera/hps/altera_hps/hwlib/include -DOS_START_STACK=8192 -DUART_FULL_PROTECT=1 -D soc_cv_av -DOS_DEMO=-100 -DUART_Q_SIZE_RX=1 -DUART_Q_SIZE_TX=1 -DUART_CIRC_BUF_RX=2048 -DUART_CIRC_BUF_TX=2048 -std=gnu99 -mfpu=neon -march=armv7-a -mtune=cortex-a9 -mcpu=cortex-a9 -mfloat-abi=softfp -mno-unaligned-access -ffunction-sections -fdata-sections -Wstrict-prototypes -DOS_PLATFORM=0x0100AAC5 -DOS_N_CORE=2 -DOS_NEWLIB_REENT=0 -DUSE_SHELL=1 -DSHELL_LOGIN=0 -DSHELL_HISTORY=64 -c ../../mAbassi/Drivers/src/dw_uart.c -o dw_uart.o
"arm-altera-eabi-gcc"  -g -O3 -Wall -I ../inc -I../../mAbassi/Abassi -I../../mAbassi/Platform/inc -I../../mAbassi/Drivers/inc -I../../mAbassi/Share/inc -I C:\intelFPGA\18.1\embedded/ip/altera/hps/altera_hps/hwlib/include/soc_cv_av -I C:\intelFPGA\18.1\embedded/ip/altera/hps/altera_hps/hwlib/include -DOS_START_STACK=8192 -DUART_FULL_PROTECT=1 -D soc_cv_av -DOS_DEMO=-100 -DUART_Q_SIZE_RX=1 -DUART_Q_SIZE_TX=1 -DUART_CIRC_BUF_RX=2048 -DUART_CIRC_BUF_TX=2048 -std=gnu99 -mfpu=neon -march=armv7-a -mtune=cortex-a9 -mcpu=cortex-a9 -mfloat-abi=softfp -mno-unaligned-access -ffunction-sections -fdata-sections -Wstrict-prototypes -DOS_PLATFORM=0x0100AAC5 -DOS_N_CORE=2 -DOS_NEWLIB_REENT=0 -DUSE_SHELL=1 -DSHELL_LOGIN=0 -DSHELL_HISTORY=64 -c ../hwlib/alt_generalpurpose_io.c -o alt_generalpurpose_io.o
"arm-altera-eabi-gcc"  -g -O3 -Wall -I ../inc -I../../mAbassi/Abassi -I../../mAbassi/Platform/inc -I../../mAbassi/Drivers/inc -I../../mAbassi/Share/inc -I C:\intelFPGA\18.1\embedded/ip/altera/hps/altera_hps/hwlib/include/soc_cv_av -I C:\intelFPGA\18.1\embedded/ip/altera/hps/altera_hps/hwlib/include -DOS_START_STACK=8192 -DUART_FULL_PROTECT=1 -D soc_cv_av -DOS_DEMO=-100 -DUART_Q_SIZE_RX=1 -DUART_Q_SIZE_TX=1 -DUART_CIRC_BUF_RX=2048 -DUART_CIRC_BUF_TX=2048 -std=gnu99 -mfpu=neon -march=armv7-a -mtune=cortex-a9 -mcpu=cortex-a9 -mfloat-abi=softfp -mno-unaligned-access -ffunction-sections -fdata-sections -Wstrict-prototypes -DOS_PLATFORM=0x0100AAC5 -DOS_N_CORE=2 -DOS_NEWLIB_REENT=0 -DUSE_SHELL=1 -DSHELL_LOGIN=0 -DSHELL_HISTORY=64 -c ../../mAbassi/Platform/src/mAbassiCfgA9.c -o mAbassiCfgA9.o
"arm-altera-eabi-gcc"  -g -O3 -Wall -I ../inc -I../../mAbassi/Abassi -I../../mAbassi/Platform/inc -I../../mAbassi/Drivers/inc -I../../mAbassi/Share/inc -I C:\intelFPGA\18.1\embedded/ip/altera/hps/altera_hps/hwlib/include/soc_cv_av -I C:\intelFPGA\18.1\embedded/ip/altera/hps/altera_hps/hwlib/include -DOS_START_STACK=8192 -DUART_FULL_PROTECT=1 -D soc_cv_av -DOS_DEMO=-100 -DUART_Q_SIZE_RX=1 -DUART_Q_SIZE_TX=1 -DUART_CIRC_BUF_RX=2048 -DUART_CIRC_BUF_TX=2048 -std=gnu99 -mfpu=neon -march=armv7-a -mtune=cortex-a9 -mcpu=cortex-a9 -mfloat-abi=softfp -mno-unaligned-access -ffunction-sections -fdata-sections -Wstrict-prototypes -DOS_PLATFORM=0x0100AAC5 -DOS_N_CORE=2 -DOS_NEWLIB_REENT=0 -DUSE_SHELL=1 -DSHELL_LOGIN=0 -DSHELL_HISTORY=64 -c ../../mAbassi/Abassi/Shell.c -o Shell.o
"arm-altera-eabi-gcc"  -g -O3 -Wall -I ../inc -I../../mAbassi/Abassi -I../../mAbassi/Platform/inc -I../../mAbassi/Drivers/inc -I../../mAbassi/Share/inc -I C:\intelFPGA\18.1\embedded/ip/altera/hps/altera_hps/hwlib/include/soc_cv_av -I C:\intelFPGA\18.1\embedded/ip/altera/hps/altera_hps/hwlib/include -DOS_START_STACK=8192 -DUART_FULL_PROTECT=1 -D soc_cv_av -DOS_DEMO=-100 -DUART_Q_SIZE_RX=1 -DUART_Q_SIZE_TX=1 -DUART_CIRC_BUF_RX=2048 -DUART_CIRC_BUF_TX=2048 -std=gnu99 -mfpu=neon -march=armv7-a -mtune=cortex-a9 -mcpu=cortex-a9 -mfloat-abi=softfp -mno-unaligned-access -ffunction-sections -fdata-sections -Wstrict-prototypes -DOS_PLATFORM=0x0100AAC5 -DOS_N_CORE=2 -DOS_NEWLIB_REENT=0 -DUSE_SHELL=1 -DSHELL_LOGIN=0 -DSHELL_HISTORY=64 -c ../../mAbassi/Abassi/SubShell.c -o SubShell.o
"arm-altera-eabi-g++" -Wl,--gc-sections  -Wl,-L../../mAbassi/Platform/lib -Xlinker -Map -Xlinker MyApp_mAbassi_SMP_DE0NANOSOC_A9_GCC.map 			\
      -T ../../mAbassi/AR5_CY5.ld  Main_mAbassi.o MyApp_mAbassi.o SysCall_noFS.o TIMERinit.o dw_uart.o alt_generalpurpose_io.o mAbassiCfgA9.o Shell.o SubShell.o   -Wl,-l_mAbassi_EVAL_GCC_AR5_CY5 -Wl,-lcs3 -Wl,-lcs3unhosted -Wl,-lcs3arm					\
          -Wl,-lgcc -Wl,-lc -o MyApp_mAbassi_SMP_DE0NANOSOC_A9_GCC.axf
"arm-altera-eabi-nm" MyApp_mAbassi_SMP_DE0NANOSOC_A9_GCC.axf > MyApp_mAbassi_SMP_DE0NANOSOC_A9_GCC.axf.map
"arm-altera-eabi-objcopy" MyApp_mAbassi_SMP_DE0NANOSOC_A9_GCC.axf -j vectors -j .rodata -j .text -j .data -j .bss --output-target=binary MyApp_mAbassi_SMP_DE0NANOSOC_A9_GCC.bin
"Done"
