Assembler report for DE10_NANO_SoC_GHRD
Sun Mar 31 16:47:49 2019
Quartus Prime Version 18.0.0 Build 614 04/24/2018 SJ Standard Edition


---------------------
; Table of Contents ;
---------------------
  1. Legal Notice
  2. Assembler Summary
  3. Assembler Settings
  4. Assembler Encrypted IP Cores Summary
  5. Assembler Generated Files
  6. Assembler Device Options: W:/MesProjets/DE10-Nano/MyApps-v2/MyApps_FPGA/MyApp_LT24/output_files/DE10_NANO_SoC_GHRD.sof
  7. Assembler Messages



----------------
; Legal Notice ;
----------------
Copyright (C) 2018  Intel Corporation. All rights reserved.
Your use of Intel Corporation's design tools, logic functions 
and other software and tools, and its AMPP partner logic 
functions, and any output files from any of the foregoing 
(including device programming or simulation files), and any 
associated documentation or information are expressly subject 
to the terms and conditions of the Intel Program License 
Subscription Agreement, the Intel Quartus Prime License Agreement,
the Intel FPGA IP License Agreement, or other applicable license
agreement, including, without limitation, that your use is for
the sole purpose of programming logic devices manufactured by
Intel and sold by Intel or its authorized distributors.  Please
refer to the applicable agreement for further details.



+---------------------------------------------------------------+
; Assembler Summary                                             ;
+-----------------------+---------------------------------------+
; Assembler Status      ; Successful - Sun Mar 31 16:47:49 2019 ;
; Revision Name         ; DE10_NANO_SoC_GHRD                    ;
; Top-level Entity Name ; DE10_NANO_SoC_GHRD                    ;
; Family                ; Cyclone V                             ;
; Device                ; 5CSEBA6U23I7                          ;
+-----------------------+---------------------------------------+


+----------------------------------+
; Assembler Settings               ;
+--------+---------+---------------+
; Option ; Setting ; Default Value ;
+--------+---------+---------------+


+------------------------------------------------+
; Assembler Encrypted IP Cores Summary           ;
+--------+------------------------+--------------+
; Vendor ; IP Core Name           ; License Type ;
+--------+------------------------+--------------+
; Altera ; Signal Tap (6AF7 BCE1) ; Licensed     ;
; Altera ; Signal Tap (6AF7 BCEC) ; Licensed     ;
+--------+------------------------+--------------+


+----------------------------------------------------------------------------------------------+
; Assembler Generated Files                                                                    ;
+----------------------------------------------------------------------------------------------+
; File Name                                                                                    ;
+----------------------------------------------------------------------------------------------+
; W:/MesProjets/DE10-Nano/MyApps-v2/MyApps_FPGA/MyApp_LT24/output_files/DE10_NANO_SoC_GHRD.sof ;
+----------------------------------------------------------------------------------------------+


+------------------------------------------------------------------------------------------------------------------------+
; Assembler Device Options: W:/MesProjets/DE10-Nano/MyApps-v2/MyApps_FPGA/MyApp_LT24/output_files/DE10_NANO_SoC_GHRD.sof ;
+----------------+-------------------------------------------------------------------------------------------------------+
; Option         ; Setting                                                                                               ;
+----------------+-------------------------------------------------------------------------------------------------------+
; JTAG usercode  ; 0x014BC7BE                                                                                            ;
; Checksum       ; 0x014BC7BE                                                                                            ;
+----------------+-------------------------------------------------------------------------------------------------------+


+--------------------+
; Assembler Messages ;
+--------------------+
Info: *******************************************************************
Info: Running Quartus Prime Assembler
    Info: Version 18.0.0 Build 614 04/24/2018 SJ Standard Edition
    Info: Processing started: Sun Mar 31 16:47:27 2019
Info: Command: quartus_asm --read_settings_files=off --write_settings_files=off DE10_NANO_SoC_GHRD -c DE10_NANO_SoC_GHRD
Warning (18236): Number of processors has not been specified which may cause overloading on shared machines.  Set the global assignment NUM_PARALLEL_PROCESSORS in your QSF to an appropriate value for best performance.
Info (115030): Assembler is generating device programming files
Info (11878): Hard Processor Subsystem configuration has not changed and a Preloader software update is not required
Info: Quartus Prime Assembler was successful. 0 errors, 1 warning
    Info: Peak virtual memory: 4944 megabytes
    Info: Processing ended: Sun Mar 31 16:47:49 2019
    Info: Elapsed time: 00:00:22
    Info: Total CPU time (on all processors): 00:00:17


